<?xml version="1.0" encoding="UTF-8"?>
<!-- Generated by org.testng.reporters.JUnitReportReporter -->
<testsuite skipped="0" hostname="MichaelVu-PC" name="uitests.FindMyNextElectionPageUI" tests="8" failures="0" timestamp="2019-10-12T17:41:07 EDT" time="3.514" errors="0">
  <testcase name="verifySearchButtonLabel" time="0.411" classname="uitests.FindMyNextElectionPageUI"/>
  <testcase name="verifyStreet2FieldLabel" time="0.467" classname="uitests.FindMyNextElectionPageUI"/>
  <testcase name="verifyStreetFieldLabel" time="0.451" classname="uitests.FindMyNextElectionPageUI"/>
  <testcase name="verifyStateDropdownLabel" time="0.447" classname="uitests.FindMyNextElectionPageUI"/>
  <testcase name="verifyCityFieldLabel" time="0.479" classname="uitests.FindMyNextElectionPageUI"/>
  <testcase name="verifyUserMessage" time="0.399" classname="uitests.FindMyNextElectionPageUI"/>
  <testcase name="verifyZipFieldLabel" time="0.403" classname="uitests.FindMyNextElectionPageUI"/>
  <testcase name="verifyHeaderText" time="0.457" classname="uitests.FindMyNextElectionPageUI"/>
</testsuite> <!-- uitests.FindMyNextElectionPageUI -->
