<?xml version="1.0" encoding="UTF-8"?>
<!-- Generated by org.testng.reporters.JUnitReportReporter -->
<testsuite skipped="0" hostname="MichaelVu-PC" name="uitests.FindMyNextElectionPageUI" tests="9" failures="0" timestamp="2019-10-14T11:51:09 EDT" time="1.274" errors="0">
  <testcase name="verifyCityFieldLabel" time="0.257" classname="uitests.FindMyNextElectionPageUI"/>
  <testcase name="verifyHeaderText" time="0.119" classname="uitests.FindMyNextElectionPageUI"/>
  <testcase name="verifyStreet2FieldLabel" time="0.116" classname="uitests.FindMyNextElectionPageUI"/>
  <testcase name="verifySearchButtonLabel" time="0.137" classname="uitests.FindMyNextElectionPageUI"/>
  <testcase name="verifyStreetFieldLabel" time="0.119" classname="uitests.FindMyNextElectionPageUI"/>
  <testcase name="verifyStateDropdownLabel" time="0.126" classname="uitests.FindMyNextElectionPageUI"/>
  <testcase name="verifyStateDropdownIsClickable" time="0.161" classname="uitests.FindMyNextElectionPageUI"/>
  <testcase name="verifyUserMessage" time="0.113" classname="uitests.FindMyNextElectionPageUI"/>
  <testcase name="verifyZipFieldLabel" time="0.126" classname="uitests.FindMyNextElectionPageUI"/>
</testsuite> <!-- uitests.FindMyNextElectionPageUI -->
