<?xml version="1.0" encoding="UTF-8"?>
<!-- Generated by org.testng.reporters.JUnitReportReporter -->
<testsuite skipped="0" hostname="MichaelVu-PC" name="base.BaseTests" tests="1" failures="0" timestamp="2019-10-12T21:10:16 EDT" time="2.277" errors="0">
  <testcase name="test1" time="2.277" classname="base.BaseTests"/>
</testsuite> <!-- base.BaseTests -->
