<?xml version="1.0" encoding="UTF-8"?>
<!-- Generated by org.testng.reporters.JUnitReportReporter -->
<testsuite skipped="0" hostname="MichaelVu-PC" name="uitests.FindMyNextElectionPageUI" tests="9" failures="0" timestamp="2019-10-12T21:48:28 EDT" time="1.881" errors="0">
  <testcase name="verifyCityFieldLabel" time="0.209" classname="uitests.FindMyNextElectionPageUI"/>
  <testcase name="verifyHeaderText" time="0.123" classname="uitests.FindMyNextElectionPageUI"/>
  <testcase name="verifyStreet2FieldLabel" time="0.131" classname="uitests.FindMyNextElectionPageUI"/>
  <testcase name="verifySearchButtonLabel" time="0.131" classname="uitests.FindMyNextElectionPageUI"/>
  <testcase name="verifyStreetFieldLabel" time="0.408" classname="uitests.FindMyNextElectionPageUI"/>
  <testcase name="verifyStateDropdownLabel" time="0.434" classname="uitests.FindMyNextElectionPageUI"/>
  <testcase name="verifyStateDropdownIsClickable" time="0.192" classname="uitests.FindMyNextElectionPageUI"/>
  <testcase name="verifyUserMessage" time="0.139" classname="uitests.FindMyNextElectionPageUI"/>
  <testcase name="verifyZipFieldLabel" time="0.114" classname="uitests.FindMyNextElectionPageUI"/>
</testsuite> <!-- uitests.FindMyNextElectionPageUI -->
